<?xml version="1.0" encoding="UTF-8"?>
<!-- Generated by org.testng.reporters.JUnitReportReporter -->
<testsuite hostname="marlon-X556UQK" name="com.uiframework.tests.UiframeworkTest1" tests="1" failures="0" timestamp="9 Apr 2021 02:09:20 GMT" time="8.036" errors="0">
  <testcase name="checkIntegerSemper" time="8.036" classname="com.uiframework.tests.UiframeworkTest1"/>
</testsuite> <!-- com.uiframework.tests.UiframeworkTest1 -->
